# JRE version: Java(TM) SE Runtime Environment (8.0_231-b11) (build 1.8.0_231-b11)
# Java VM: Java HotSpot(TM) 64-Bit Server VM (25.231-b11 mixed mode windows-amd64 compressed oops)
Heap:
 PSYoungGen      total 119808K, used 36946K [0x00000000d5d00000, 0x00000000e3180000, 0x0000000100000000)
  eden space 107008K, 34% used [0x00000000d5d00000,0x00000000d8114a18,0x00000000dc580000)
  from space 12800K, 0% used [0x00000000dc580000,0x00000000dc580000,0x00000000dd200000)
  to   space 13312K, 0% used [0x00000000e2480000,0x00000000e2480000,0x00000000e3180000)
 ParOldGen       total 78336K, used 15725K [0x0000000081600000, 0x0000000086280000, 0x00000000d5d00000)
  object space 78336K, 20% used [0x0000000081600000,0x000000008255b6f8,0x0000000086280000)
 Metaspace       used 38577K, capacity 40354K, committed 40576K, reserved 1085440K
  class space    used 5089K, capacity 5428K, committed 5504K, reserved 1048576K
GC Heap History (10 events):
Event: 2.591 GC heap before
{Heap before GC invocations=5 (full 1):
 PSYoungGen      total 71680K, used 5106K [0x00000000d5d00000, 0x00000000da800000, 0x0000000100000000)
  eden space 66560K, 0% used [0x00000000d5d00000,0x00000000d5d00000,0x00000000d9e00000)
  from space 5120K, 99% used [0x00000000da300000,0x00000000da7fcaa8,0x00000000da800000)
  to   space 5120K, 0% used [0x00000000d9e00000,0x00000000d9e00000,0x00000000da300000)
 ParOldGen       total 87552K, used 6427K [0x0000000081600000, 0x0000000086b80000, 0x00000000d5d00000)
  object space 87552K, 7% used [0x0000000081600000,0x0000000081c46c60,0x0000000086b80000)
 Metaspace       used 20460K, capacity 21198K, committed 21296K, reserved 1067008K
  class space    used 2749K, capacity 2940K, committed 2944K, reserved 1048576K
Event: 2.629 GC heap after
Heap after GC invocations=5 (full 1):
 PSYoungGen      total 71680K, used 0K [0x00000000d5d00000, 0x00000000da800000, 0x0000000100000000)
  eden space 66560K, 0% used [0x00000000d5d00000,0x00000000d5d00000,0x00000000d9e00000)
  from space 5120K, 0% used [0x00000000da300000,0x00000000da300000,0x00000000da800000)
  to   space 5120K, 0% used [0x00000000d9e00000,0x00000000d9e00000,0x00000000da300000)
 ParOldGen       total 53760K, used 5945K [0x0000000081600000, 0x0000000084a80000, 0x00000000d5d00000)
  object space 53760K, 11% used [0x0000000081600000,0x0000000081bce510,0x0000000084a80000)
 Metaspace       used 20456K, capacity 21186K, committed 21296K, reserved 1067008K
  class space    used 2748K, capacity 2938K, committed 2944K, reserved 1048576K
}
Event: 3.825 GC heap before
{Heap before GC invocations=6 (full 1):
 PSYoungGen      total 71680K, used 66560K [0x00000000d5d00000, 0x00000000da800000, 0x0000000100000000)
  eden space 66560K, 100% used [0x00000000d5d00000,0x00000000d9e00000,0x00000000d9e00000)
  from space 5120K, 0% used [0x00000000da300000,0x00000000da300000,0x00000000da800000)
  to   space 5120K, 0% used [0x00000000d9e00000,0x00000000d9e00000,0x00000000da300000)
 ParOldGen       total 53760K, used 5945K [0x0000000081600000, 0x0000000084a80000, 0x00000000d5d00000)
  object space 53760K, 11% used [0x0000000081600000,0x0000000081bce510,0x0000000084a80000)
 Metaspace       used 25945K, capacity 27254K, committed 27392K, reserved 1073152K
  class space    used 3524K, capacity 3798K, committed 3840K, reserved 1048576K
Event: 3.842 GC heap after
Heap after GC invocations=6 (full 1):
 PSYoungGen      total 71680K, used 5113K [0x00000000d5d00000, 0x00000000ddc00000, 0x0000000100000000)
  eden space 66560K, 0% used [0x00000000d5d00000,0x00000000d5d00000,0x00000000d9e00000)
  from space 5120K, 99% used [0x00000000d9e00000,0x00000000da2fe4a8,0x00000000da300000)
  to   space 10240K, 0% used [0x00000000dd200000,0x00000000dd200000,0x00000000ddc00000)
 ParOldGen       total 53760K, used 9799K [0x0000000081600000, 0x0000000084a80000, 0x00000000d5d00000)
  object space 53760K, 18% used [0x0000000081600000,0x0000000081f91c08,0x0000000084a80000)
 Metaspace       used 25945K, capacity 27254K, committed 27392K, reserved 1073152K
  class space    used 3524K, capacity 3798K, committed 3840K, reserved 1048576K
}
Event: 4.892 GC heap before
{Heap before GC invocations=7 (full 1):
 PSYoungGen      total 71680K, used 71673K [0x00000000d5d00000, 0x00000000ddc00000, 0x0000000100000000)
  eden space 66560K, 100% used [0x00000000d5d00000,0x00000000d9e00000,0x00000000d9e00000)
  from space 5120K, 99% used [0x00000000d9e00000,0x00000000da2fe4a8,0x00000000da300000)
  to   space 10240K, 0% used [0x00000000dd200000,0x00000000dd200000,0x00000000ddc00000)
 ParOldGen       total 53760K, used 9799K [0x0000000081600000, 0x0000000084a80000, 0x00000000d5d00000)
  object space 53760K, 18% used [0x0000000081600000,0x0000000081f91c08,0x0000000084a80000)
 Metaspace       used 33144K, capacity 34830K, committed 35072K, reserved 1079296K
  class space    used 4461K, capacity 4786K, committed 4864K, reserved 1048576K
Event: 4.913 GC heap after
Heap after GC invocations=7 (full 1):
 PSYoungGen      total 117248K, used 10236K [0x00000000d5d00000, 0x00000000de000000, 0x0000000100000000)
  eden space 107008K, 0% used [0x00000000d5d00000,0x00000000d5d00000,0x00000000dc580000)
  from space 10240K, 99% used [0x00000000dd200000,0x00000000ddbff398,0x00000000ddc00000)
  to   space 12800K, 0% used [0x00000000dc580000,0x00000000dc580000,0x00000000dd200000)
 ParOldGen       total 53760K, used 12555K [0x0000000081600000, 0x0000000084a80000, 0x00000000d5d00000)
  object space 53760K, 23% used [0x0000000081600000,0x0000000082242ca0,0x0000000084a80000)
 Metaspace       used 33144K, capacity 34830K, committed 35072K, reserved 1079296K
  class space    used 4461K, capacity 4786K, committed 4864K, reserved 1048576K
}
Event: 4.996 GC heap before
{Heap before GC invocations=8 (full 1):
 PSYoungGen      total 117248K, used 17532K [0x00000000d5d00000, 0x00000000de000000, 0x0000000100000000)
  eden space 107008K, 6% used [0x00000000d5d00000,0x00000000d641fe80,0x00000000dc580000)
  from space 10240K, 99% used [0x00000000dd200000,0x00000000ddbff398,0x00000000ddc00000)
  to   space 12800K, 0% used [0x00000000dc580000,0x00000000dc580000,0x00000000dd200000)
 ParOldGen       total 53760K, used 12555K [0x0000000081600000, 0x0000000084a80000, 0x00000000d5d00000)
  object space 53760K, 23% used [0x0000000081600000,0x0000000082242ca0,0x0000000084a80000)
 Metaspace       used 33726K, capacity 35430K, committed 35496K, reserved 1079296K
  class space    used 4525K, capacity 4854K, committed 4864K, reserved 1048576K
Event: 5.010 GC heap after
Heap after GC invocations=8 (full 1):
 PSYoungGen      total 119808K, used 10239K [0x00000000d5d00000, 0x00000000e3180000, 0x0000000100000000)
  eden space 107008K, 0% used [0x00000000d5d00000,0x00000000d5d00000,0x00000000dc580000)
  from space 12800K, 79% used [0x00000000dc580000,0x00000000dcf7fcc0,0x00000000dd200000)
  to   space 13312K, 0% used [0x00000000e2480000,0x00000000e2480000,0x00000000e3180000)
 ParOldGen       total 53760K, used 12563K [0x0000000081600000, 0x0000000084a80000, 0x00000000d5d00000)
  object space 53760K, 23% used [0x0000000081600000,0x0000000082244ca0,0x0000000084a80000)
 Metaspace       used 33726K, capacity 35430K, committed 35496K, reserved 1079296K
  class space    used 4525K, capacity 4854K, committed 4864K, reserved 1048576K
}
Event: 5.010 GC heap before
{Heap before GC invocations=9 (full 2):
 PSYoungGen      total 119808K, used 10239K [0x00000000d5d00000, 0x00000000e3180000, 0x0000000100000000)
  eden space 107008K, 0% used [0x00000000d5d00000,0x00000000d5d00000,0x00000000dc580000)
  from space 12800K, 79% used [0x00000000dc580000,0x00000000dcf7fcc0,0x00000000dd200000)
  to   space 13312K, 0% used [0x00000000e2480000,0x00000000e2480000,0x00000000e3180000)
 ParOldGen       total 53760K, used 12563K [0x0000000081600000, 0x0000000084a80000, 0x00000000d5d00000)
  object space 53760K, 23% used [0x0000000081600000,0x0000000082244ca0,0x0000000084a80000)
 Metaspace       used 33726K, capacity 35430K, committed 35496K, reserved 1079296K
  class space    used 4525K, capacity 4854K, committed 4864K, reserved 1048576K
Event: 5.082 GC heap after
Heap after GC invocations=9 (full 2):
 PSYoungGen      total 119808K, used 0K [0x00000000d5d00000, 0x00000000e3180000, 0x0000000100000000)
  eden space 107008K, 0% used [0x00000000d5d00000,0x00000000d5d00000,0x00000000dc580000)
  from space 12800K, 0% used [0x00000000dc580000,0x00000000dc580000,0x00000000dd200000)
  to   space 13312K, 0% used [0x00000000e2480000,0x00000000e2480000,0x00000000e3180000)
 ParOldGen       total 78336K, used 15725K [0x0000000081600000, 0x0000000086280000, 0x00000000d5d00000)
  object space 78336K, 20% used [0x0000000081600000,0x000000008255b6f8,0x0000000086280000)
 Metaspace       used 33726K, capacity 35430K, committed 35496K, reserved 1079296K
  class space    used 4525K, capacity 4854K, committed 4864K, reserved 1048576K
}

